2021-03-31 01:39:46	INFO	::casa	
2021-03-31 01:39:46	INFO	::casa	CASA Version 5.4.0-68  
2021-03-31 01:39:48	INFO	imsmooth::::	
2021-03-31 01:39:48	INFO	imsmooth::::+	##########################################
2021-03-31 01:39:48	INFO	imsmooth::::+	##### Begin Task: imsmooth           #####
2021-03-31 01:39:48	INFO	imsmooth::::	imsmooth(imagename="../data/abcd_006_lpf_new.fits",kernel="gauss",major="0.65arcsec",minor="0.65arcsec",pa="0deg",
2021-03-31 01:39:48	INFO	imsmooth::::+	        targetres=True,kimage="",scale=-1.0,region="",box="",
2021-03-31 01:39:48	INFO	imsmooth::::+	        chans="",stokes="",mask="",outfile="../data/sm_abcd_006_lpf_new.fits.im",stretch=False,
2021-03-31 01:39:48	INFO	imsmooth::::+	        overwrite=False,beam="")
2021-03-31 01:39:48	INFO	imsmooth::FITSCoordinateUtil::fromFITSHeader	passing empty or nonexistant spectral Coordinate axis
2021-03-31 01:39:48	INFO	imsmooth::CasacRegionManager::fromBCS	No directional region specified. Using full positional plane.
2021-03-31 01:39:48	INFO	imsmooth::FITSCoordinateUtil::fromFITSHeader	passing empty or nonexistant spectral Coordinate axis
2021-03-31 01:39:49	INFO	imsmooth::Image2DConvolver<T>::_doSingleBeam	Convolving image that has a beam of major: 0.616727 arcsec, minor: 0.280534 arcsec, pa: 7.27463 deg with a Gaussian of major: 0.586345 arcsec, minor: 0.2053 arcsec, pa: -82.7254 deg to reach a target resolution of major: 0.65 arcsec, minor: 0.65 arcsec, pa: 0 deg
2021-03-31 01:39:49	INFO	imsmooth::Image2DConvolver::_dealWithRestoringBeam	You are convolving the sky
2021-03-31 01:39:49	INFO	imsmooth::Image2DConvolver::_dealWithRestoringBeam	Scaling pixel values by inverse of area of convolution kernel in pixels (0.0183288) times the ratio of the beam areas (2.44202) = 0.0447592
2021-03-31 01:40:04	INFO	imsmooth::Image2DConvolver::_dealWithRestoringBeam	Original /Users/meng/Dropbox/astro/chiirs/data/abcd_006_lpf_new.fits resolution major: 0.616727 arcsec, minor: 0.280534 arcsec, pa: 7.27463 deg
2021-03-31 01:40:04	INFO	imsmooth::Image2DConvolver::_dealWithRestoringBeam	Output ../data/sm_abcd_006_lpf_new.fits.im resolution major: 0.65 arcsec, minor: 0.65 arcsec, pa: 0 deg
2021-03-31 01:40:04	INFO	imsmooth::SubImageFactory::createImage	Creating image '../data/sm_abcd_006_lpf_new.fits.im' of shape [9600, 9600]
2021-03-31 01:40:04	INFO	imsmooth::::	##### End Task: imsmooth             #####
2021-03-31 01:40:04	INFO	imsmooth::::+	##########################################
2021-03-31 01:40:04	INFO	exportfits::::	
2021-03-31 01:40:04	INFO	exportfits::::+	##########################################
2021-03-31 01:40:04	INFO	exportfits::::+	##### Begin Task: exportfits         #####
2021-03-31 01:40:04	INFO	exportfits::::	exportfits(imagename="../data/sm_abcd_006_lpf_new.fits.im",fitsimage="../data/sm_abcd_006_lpf_new.fits",velocity=False,optical=False,bitpix=-32,
2021-03-31 01:40:04	INFO	exportfits::::+	        minpix=0,maxpix=-1,overwrite=False,dropstokes=False,stokeslast=True,
2021-03-31 01:40:04	INFO	exportfits::::+	        history=True,dropdeg=True)
2021-03-31 01:40:04	SEVERE	exportfits::image::tofits (file ../../tools/images/image_cmpt.cc, line 6042)	Exception Reported: Exception: File ../data/sm_abcd_006_lpf_new.fits exists, and the user does not want to remove it..
2021-03-31 01:40:04	SEVERE	exportfits::image::tofits (file ../../tools/images/image_cmpt.cc, line 6042)+	... thrown by static void casa::ImageFactory::_checkOutfile(const casacore::String &, Bool) at File: ../../imageanalysis/ImageAnalysis/ImageFactory2.cc, line: 568
2021-03-31 01:40:04	SEVERE	exportfits::::	An error occurred running task exportfits.
2021-03-31 01:40:05	INFO	imsmooth::::	
2021-03-31 01:40:05	INFO	imsmooth::::+	##########################################
2021-03-31 01:40:05	INFO	imsmooth::::+	##### Begin Task: imsmooth           #####
2021-03-31 01:40:05	INFO	imsmooth::::	imsmooth(imagename="../data/abcd_010_lpf_new.fits",kernel="gauss",major="0.65arcsec",minor="0.65arcsec",pa="0deg",
2021-03-31 01:40:05	INFO	imsmooth::::+	        targetres=True,kimage="",scale=-1.0,region="",box="",
2021-03-31 01:40:05	INFO	imsmooth::::+	        chans="",stokes="",mask="",outfile="../data/sm_abcd_010_lpf_new.fits.im",stretch=False,
2021-03-31 01:40:05	INFO	imsmooth::::+	        overwrite=False,beam="")
2021-03-31 01:40:05	INFO	imsmooth::FITSCoordinateUtil::fromFITSHeader	passing empty or nonexistant spectral Coordinate axis
2021-03-31 01:40:05	INFO	imsmooth::CasacRegionManager::fromBCS	No directional region specified. Using full positional plane.
2021-03-31 01:40:05	INFO	imsmooth::FITSCoordinateUtil::fromFITSHeader	passing empty or nonexistant spectral Coordinate axis
2021-03-31 01:40:05	INFO	imsmooth::Image2DConvolver<T>::_doSingleBeam	Convolving image that has a beam of major: 0.373237 arcsec, minor: 0.132729 arcsec, pa: 3.12102 deg with a Gaussian of major: 0.636304 arcsec, minor: 0.53216 arcsec, pa: -86.879 deg to reach a target resolution of major: 0.65 arcsec, minor: 0.65 arcsec, pa: 0 deg
2021-03-31 01:40:05	INFO	imsmooth::Image2DConvolver::_dealWithRestoringBeam	You are convolving the sky
2021-03-31 01:40:05	INFO	imsmooth::Image2DConvolver::_dealWithRestoringBeam	Scaling pixel values by inverse of area of convolution kernel in pixels (0.00651581) times the ratio of the beam areas (8.52858) = 0.0555707
2021-03-31 01:40:19	INFO	imsmooth::Image2DConvolver::_dealWithRestoringBeam	Original /Users/meng/Dropbox/astro/chiirs/data/abcd_010_lpf_new.fits resolution major: 0.373237 arcsec, minor: 0.132729 arcsec, pa: 3.12102 deg
2021-03-31 01:40:19	INFO	imsmooth::Image2DConvolver::_dealWithRestoringBeam	Output ../data/sm_abcd_010_lpf_new.fits.im resolution major: 0.65 arcsec, minor: 0.65 arcsec, pa: 0 deg
2021-03-31 01:40:19	INFO	imsmooth::SubImageFactory::createImage	Creating image '../data/sm_abcd_010_lpf_new.fits.im' of shape [9600, 9600]
2021-03-31 01:40:19	INFO	imsmooth::::	##### End Task: imsmooth             #####
2021-03-31 01:40:19	INFO	imsmooth::::+	##########################################
2021-03-31 01:40:19	INFO	exportfits::::	
2021-03-31 01:40:19	INFO	exportfits::::+	##########################################
2021-03-31 01:40:19	INFO	exportfits::::+	##### Begin Task: exportfits         #####
2021-03-31 01:40:19	INFO	exportfits::::	exportfits(imagename="../data/sm_abcd_010_lpf_new.fits.im",fitsimage="../data/sm_abcd_010_lpf_new.fits",velocity=False,optical=False,bitpix=-32,
2021-03-31 01:40:19	INFO	exportfits::::+	        minpix=0,maxpix=-1,overwrite=False,dropstokes=False,stokeslast=True,
2021-03-31 01:40:19	INFO	exportfits::::+	        history=True,dropdeg=True)
2021-03-31 01:40:19	INFO	exportfits::ImageRegion::fromRecord	Selected bounding box : 
2021-03-31 01:40:19	INFO	exportfits::ImageRegion::fromRecord+	    [0, 0] to [9599, 9599]  (17:47:37.948, -28.27.06.925 to 17:47:01.579, -28.19.06.975)
2021-03-31 01:40:21	INFO	exportfits::::	##### End Task: exportfits           #####
2021-03-31 01:40:21	INFO	exportfits::::+	##########################################
